
5월 06, 2022 07:41:43.517 NEW SESSION
5월 06, 2022 07:41:43.517 [3464:27492:0506/074143.495:ERROR:external_registry_loader_win.cc(158)] File C:\Users\POWERU~1\AppData\Local\Google\Drive\user_default\apdfllckaahabafndbhieahigkjlhalf_live.crx for key Software\Google\Chrome\Extensions\apdfllckaahabafndbhieahigkjlhalf does not exist or is not readable.
5월 06, 2022 07:41:45.634 [3464:17772:0506/074145.634:ERROR:device_event_log_impl.cc(214)] [07:41:45.634] Bluetooth: bluetooth_adapter_winrt.cc:715 GetBluetoothAdapterStaticsActivationFactory failed: 클래스가 등록되지 않았습니다. (0x80040154)
5월 06, 2022 07:42:08.637 [17276:22380:0506/074208.636:ERROR:external_registry_loader_win.cc(158)] File C:\Users\POWERU~1\AppData\Local\Google\Drive\user_default\apdfllckaahabafndbhieahigkjlhalf_live.crx for key Software\Google\Chrome\Extensions\apdfllckaahabafndbhieahigkjlhalf does not exist or is not readable.
5월 06, 2022 07:42:10.756 [17276:23352:0506/074210.756:ERROR:device_event_log_impl.cc(214)] [07:42:10.756] Bluetooth: bluetooth_adapter_winrt.cc:715 GetBluetoothAdapterStaticsActivationFactory failed: 클래스가 등록되지 않았습니다. (0x80040154)
5월 06, 2022 07:43:08.712 [17276:3924:0506/074308.712:ERROR:util.cc(126)] Can't create base directory: C:\Program Files\Google\GoogleUpdater
5월 06, 2022 07:43:51.654 [27872:33580:0506/074351.654:ERROR:external_registry_loader_win.cc(158)] File C:\Users\POWERU~1\AppData\Local\Google\Drive\user_default\apdfllckaahabafndbhieahigkjlhalf_live.crx for key Software\Google\Chrome\Extensions\apdfllckaahabafndbhieahigkjlhalf does not exist or is not readable.
5월 06, 2022 07:43:53.767 [27872:32964:0506/074353.767:ERROR:device_event_log_impl.cc(214)] [07:43:53.766] Bluetooth: bluetooth_adapter_winrt.cc:715 GetBluetoothAdapterStaticsActivationFactory failed: 클래스가 등록되지 않았습니다. (0x80040154)
5월 06, 2022 07:44:15.799 [28604:24220:0506/074415.798:ERROR:external_registry_loader_win.cc(158)] File C:\Users\POWERU~1\AppData\Local\Google\Drive\user_default\apdfllckaahabafndbhieahigkjlhalf_live.crx for key Software\Google\Chrome\Extensions\apdfllckaahabafndbhieahigkjlhalf does not exist or is not readable.
5월 06, 2022 07:44:42.573 [7872:26148:0506/074442.573:ERROR:external_registry_loader_win.cc(158)] File C:\Users\POWERU~1\AppData\Local\Google\Drive\user_default\apdfllckaahabafndbhieahigkjlhalf_live.crx for key Software\Google\Chrome\Extensions\apdfllckaahabafndbhieahigkjlhalf does not exist or is not readable.
5월 06, 2022 07:44:55.685 [30204:16380:0506/074455.685:ERROR:external_registry_loader_win.cc(158)] File C:\Users\POWERU~1\AppData\Local\Google\Drive\user_default\apdfllckaahabafndbhieahigkjlhalf_live.crx for key Software\Google\Chrome\Extensions\apdfllckaahabafndbhieahigkjlhalf does not exist or is not readable.
5월 06, 2022 07:44:57.809 [30204:31752:0506/074457.809:ERROR:device_event_log_impl.cc(214)] [07:44:57.809] Bluetooth: bluetooth_adapter_winrt.cc:715 GetBluetoothAdapterStaticsActivationFactory failed: 클래스가 등록되지 않았습니다. (0x80040154)
5월 06, 2022 07:45:35.533 [31144:21064:0506/074535.533:ERROR:external_registry_loader_win.cc(158)] File C:\Users\POWERU~1\AppData\Local\Google\Drive\user_default\apdfllckaahabafndbhieahigkjlhalf_live.crx for key Software\Google\Chrome\Extensions\apdfllckaahabafndbhieahigkjlhalf does not exist or is not readable.
5월 06, 2022 07:45:37.608 [31144:14696:0506/074537.607:ERROR:device_event_log_impl.cc(214)] [07:45:37.607] Bluetooth: bluetooth_adapter_winrt.cc:715 GetBluetoothAdapterStaticsActivationFactory failed: 클래스가 등록되지 않았습니다. (0x80040154)
5월 06, 2022 07:46:54.01 [2732:24980:0506/074654.001:ERROR:external_registry_loader_win.cc(158)] File C:\Users\POWERU~1\AppData\Local\Google\Drive\user_default\apdfllckaahabafndbhieahigkjlhalf_live.crx for key Software\Google\Chrome\Extensions\apdfllckaahabafndbhieahigkjlhalf does not exist or is not readable.
5월 06, 2022 07:46:56.91 [2732:15844:0506/074656.091:ERROR:device_event_log_impl.cc(214)] [07:46:56.090] Bluetooth: bluetooth_adapter_winrt.cc:715 GetBluetoothAdapterStaticsActivationFactory failed: 클래스가 등록되지 않았습니다. (0x80040154)
5월 06, 2022 07:47:25.534 [21584:21864:0506/074725.533:ERROR:external_registry_loader_win.cc(158)] File C:\Users\POWERU~1\AppData\Local\Google\Drive\user_default\apdfllckaahabafndbhieahigkjlhalf_live.crx for key Software\Google\Chrome\Extensions\apdfllckaahabafndbhieahigkjlhalf does not exist or is not readable.
5월 06, 2022 07:47:27.670 [21584:19884:0506/074727.670:ERROR:device_event_log_impl.cc(214)] [07:47:27.671] Bluetooth: bluetooth_adapter_winrt.cc:715 GetBluetoothAdapterStaticsActivationFactory failed: 클래스가 등록되지 않았습니다. (0x80040154)
5월 06, 2022 08:12:25.134 [15112:20960:0506/081225.134:ERROR:external_registry_loader_win.cc(158)] File C:\Users\POWERU~1\AppData\Local\Google\Drive\user_default\apdfllckaahabafndbhieahigkjlhalf_live.crx for key Software\Google\Chrome\Extensions\apdfllckaahabafndbhieahigkjlhalf does not exist or is not readable.
5월 06, 2022 08:12:27.219 [15112:10060:0506/081227.219:ERROR:device_event_log_impl.cc(214)] [08:12:27.219] Bluetooth: bluetooth_adapter_winrt.cc:715 GetBluetoothAdapterStaticsActivationFactory failed: 클래스가 등록되지 않았습니다. (0x80040154)
5월 06, 2022 08:13:25.206 [15112:11088:0506/081325.206:ERROR:util.cc(126)] Can't create base directory: C:\Program Files\Google\GoogleUpdater
5월 06, 2022 08:14:47.213 [32108:13180:0506/081447.213:ERROR:external_registry_loader_win.cc(158)] File C:\Users\POWERU~1\AppData\Local\Google\Drive\user_default\apdfllckaahabafndbhieahigkjlhalf_live.crx for key Software\Google\Chrome\Extensions\apdfllckaahabafndbhieahigkjlhalf does not exist or is not readable.
5월 06, 2022 08:14:49.332 [32108:23396:0506/081449.332:ERROR:device_event_log_impl.cc(214)] [08:14:49.333] Bluetooth: bluetooth_adapter_winrt.cc:715 GetBluetoothAdapterStaticsActivationFactory failed: 클래스가 등록되지 않았습니다. (0x80040154)
5월 06, 2022 08:15:21.513 [6848:26468:0506/081521.513:ERROR:external_registry_loader_win.cc(158)] File C:\Users\POWERU~1\AppData\Local\Google\Drive\user_default\apdfllckaahabafndbhieahigkjlhalf_live.crx for key Software\Google\Chrome\Extensions\apdfllckaahabafndbhieahigkjlhalf does not exist or is not readable.
5월 06, 2022 08:15:23.631 [6848:17256:0506/081523.631:ERROR:device_event_log_impl.cc(214)] [08:15:23.632] Bluetooth: bluetooth_adapter_winrt.cc:715 GetBluetoothAdapterStaticsActivationFactory failed: 클래스가 등록되지 않았습니다. (0x80040154)
5월 06, 2022 08:16:21.584 [6848:21708:0506/081621.584:ERROR:util.cc(126)] Can't create base directory: C:\Program Files\Google\GoogleUpdater
5월 06, 2022 08:20:55.676 [17984:16884:0506/082055.676:ERROR:external_registry_loader_win.cc(158)] File C:\Users\POWERU~1\AppData\Local\Google\Drive\user_default\apdfllckaahabafndbhieahigkjlhalf_live.crx for key Software\Google\Chrome\Extensions\apdfllckaahabafndbhieahigkjlhalf does not exist or is not readable.
5월 06, 2022 08:20:57.758 [17984:31924:0506/082057.758:ERROR:device_event_log_impl.cc(214)] [08:20:57.758] Bluetooth: bluetooth_adapter_winrt.cc:715 GetBluetoothAdapterStaticsActivationFactory failed: 클래스가 등록되지 않았습니다. (0x80040154)
5월 06, 2022 08:21:55.751 [17984:4060:0506/082155.751:ERROR:util.cc(126)] Can't create base directory: C:\Program Files\Google\GoogleUpdater
5월 06, 2022 08:23:19.448 [19680:27724:0506/082319.448:ERROR:external_registry_loader_win.cc(158)] File C:\Users\POWERU~1\AppData\Local\Google\Drive\user_default\apdfllckaahabafndbhieahigkjlhalf_live.crx for key Software\Google\Chrome\Extensions\apdfllckaahabafndbhieahigkjlhalf does not exist or is not readable.
5월 06, 2022 08:23:21.554 [19680:17300:0506/082321.554:ERROR:device_event_log_impl.cc(214)] [08:23:21.554] Bluetooth: bluetooth_adapter_winrt.cc:715 GetBluetoothAdapterStaticsActivationFactory failed: 클래스가 등록되지 않았습니다. (0x80040154)
5월 06, 2022 08:24:19.519 [19680:31300:0506/082419.519:ERROR:util.cc(126)] Can't create base directory: C:\Program Files\Google\GoogleUpdater
5월 06, 2022 08:28:32.475 [24052:31500:0506/082832.474:ERROR:external_registry_loader_win.cc(158)] File C:\Users\POWERU~1\AppData\Local\Google\Drive\user_default\apdfllckaahabafndbhieahigkjlhalf_live.crx for key Software\Google\Chrome\Extensions\apdfllckaahabafndbhieahigkjlhalf does not exist or is not readable.
5월 06, 2022 08:28:34.563 [24052:29036:0506/082834.563:ERROR:device_event_log_impl.cc(214)] [08:28:34.564] Bluetooth: bluetooth_adapter_winrt.cc:715 GetBluetoothAdapterStaticsActivationFactory failed: 클래스가 등록되지 않았습니다. (0x80040154)
5월 06, 2022 08:28:48.15 [8280:28856:0506/082848.015:ERROR:external_registry_loader_win.cc(158)] File C:\Users\POWERU~1\AppData\Local\Google\Drive\user_default\apdfllckaahabafndbhieahigkjlhalf_live.crx for key Software\Google\Chrome\Extensions\apdfllckaahabafndbhieahigkjlhalf does not exist or is not readable.
5월 06, 2022 08:28:50.151 [8280:10468:0506/082850.151:ERROR:device_event_log_impl.cc(214)] [08:28:50.151] Bluetooth: bluetooth_adapter_winrt.cc:715 GetBluetoothAdapterStaticsActivationFactory failed: 클래스가 등록되지 않았습니다. (0x80040154)
5월 06, 2022 08:29:48.83 [8280:3632:0506/082948.083:ERROR:util.cc(126)] Can't create base directory: C:\Program Files\Google\GoogleUpdater

5월 06, 2022 08:32:02.61 NEW SESSION
5월 06, 2022 08:32:02.61 [14012:26640:0506/083202.060:ERROR:external_registry_loader_win.cc(158)] File C:\Users\POWERU~1\AppData\Local\Google\Drive\user_default\apdfllckaahabafndbhieahigkjlhalf_live.crx for key Software\Google\Chrome\Extensions\apdfllckaahabafndbhieahigkjlhalf does not exist or is not readable.
5월 06, 2022 08:32:04.159 [14012:23272:0506/083204.159:ERROR:device_event_log_impl.cc(214)] [08:32:04.158] Bluetooth: bluetooth_adapter_winrt.cc:715 GetBluetoothAdapterStaticsActivationFactory failed: 클래스가 등록되지 않았습니다. (0x80040154)

5월 06, 2022 18:23:55.74 NEW SESSION
5월 06, 2022 18:23:55.74 [23724:25688:0506/182355.072:ERROR:external_registry_loader_win.cc(158)] File C:\Users\POWERU~1\AppData\Local\Google\Drive\user_default\apdfllckaahabafndbhieahigkjlhalf_live.crx for key Software\Google\Chrome\Extensions\apdfllckaahabafndbhieahigkjlhalf does not exist or is not readable.
5월 06, 2022 18:23:57.209 [23724:18648:0506/182357.209:ERROR:device_event_log_impl.cc(214)] [18:23:57.209] Bluetooth: bluetooth_adapter_winrt.cc:715 GetBluetoothAdapterStaticsActivationFactory failed: 클래스가 등록되지 않았습니다. (0x80040154)
5월 06, 2022 18:24:58.04 [16084:34048:0506/182458.004:ERROR:external_registry_loader_win.cc(158)] File C:\Users\POWERU~1\AppData\Local\Google\Drive\user_default\apdfllckaahabafndbhieahigkjlhalf_live.crx for key Software\Google\Chrome\Extensions\apdfllckaahabafndbhieahigkjlhalf does not exist or is not readable.
5월 06, 2022 18:25:00.143 [16084:35784:0506/182500.142:ERROR:device_event_log_impl.cc(214)] [18:25:00.142] Bluetooth: bluetooth_adapter_winrt.cc:715 GetBluetoothAdapterStaticsActivationFactory failed: 클래스가 등록되지 않았습니다. (0x80040154)
5월 06, 2022 18:25:58.83 [16084:38772:0506/182558.083:ERROR:util.cc(126)] Can't create base directory: C:\Program Files\Google\GoogleUpdater
5월 06, 2022 18:26:46.578 [11116:5992:0506/182646.578:ERROR:external_registry_loader_win.cc(158)] File C:\Users\POWERU~1\AppData\Local\Google\Drive\user_default\apdfllckaahabafndbhieahigkjlhalf_live.crx for key Software\Google\Chrome\Extensions\apdfllckaahabafndbhieahigkjlhalf does not exist or is not readable.
5월 06, 2022 18:26:48.697 [11116:30168:0506/182648.697:ERROR:device_event_log_impl.cc(214)] [18:26:48.696] Bluetooth: bluetooth_adapter_winrt.cc:715 GetBluetoothAdapterStaticsActivationFactory failed: 클래스가 등록되지 않았습니다. (0x80040154)
5월 06, 2022 18:27:51.896 [30360:38816:0506/182751.896:ERROR:external_registry_loader_win.cc(158)] File C:\Users\POWERU~1\AppData\Local\Google\Drive\user_default\apdfllckaahabafndbhieahigkjlhalf_live.crx for key Software\Google\Chrome\Extensions\apdfllckaahabafndbhieahigkjlhalf does not exist or is not readable.
5월 06, 2022 18:27:53.979 [30360:37248:0506/182753.979:ERROR:device_event_log_impl.cc(214)] [18:27:53.979] Bluetooth: bluetooth_adapter_winrt.cc:715 GetBluetoothAdapterStaticsActivationFactory failed: 클래스가 등록되지 않았습니다. (0x80040154)
5월 06, 2022 18:28:51.967 [30360:19216:0506/182851.967:ERROR:util.cc(126)] Can't create base directory: C:\Program Files\Google\GoogleUpdater
5월 06, 2022 18:30:30.869 [30928:37532:0506/183030.868:ERROR:external_registry_loader_win.cc(158)] File C:\Users\POWERU~1\AppData\Local\Google\Drive\user_default\apdfllckaahabafndbhieahigkjlhalf_live.crx for key Software\Google\Chrome\Extensions\apdfllckaahabafndbhieahigkjlhalf does not exist or is not readable.
5월 06, 2022 18:30:32.983 [30928:29716:0506/183032.982:ERROR:device_event_log_impl.cc(214)] [18:30:32.982] Bluetooth: bluetooth_adapter_winrt.cc:715 GetBluetoothAdapterStaticsActivationFactory failed: 클래스가 등록되지 않았습니다. (0x80040154)
5월 06, 2022 18:31:07.14 [22848:16340:0506/183107.013:ERROR:external_registry_loader_win.cc(158)] File C:\Users\POWERU~1\AppData\Local\Google\Drive\user_default\apdfllckaahabafndbhieahigkjlhalf_live.crx for key Software\Google\Chrome\Extensions\apdfllckaahabafndbhieahigkjlhalf does not exist or is not readable.
5월 06, 2022 18:31:22.687 [11052:16488:0506/183122.686:ERROR:external_registry_loader_win.cc(158)] File C:\Users\POWERU~1\AppData\Local\Google\Drive\user_default\apdfllckaahabafndbhieahigkjlhalf_live.crx for key Software\Google\Chrome\Extensions\apdfllckaahabafndbhieahigkjlhalf does not exist or is not readable.
5월 06, 2022 18:31:24.822 [11052:36180:0506/183124.822:ERROR:device_event_log_impl.cc(214)] [18:31:24.822] Bluetooth: bluetooth_adapter_winrt.cc:715 GetBluetoothAdapterStaticsActivationFactory failed: 클래스가 등록되지 않았습니다. (0x80040154)
5월 06, 2022 18:37:26.118 [33128:19812:0506/183726.117:ERROR:external_registry_loader_win.cc(158)] File C:\Users\POWERU~1\AppData\Local\Google\Drive\user_default\apdfllckaahabafndbhieahigkjlhalf_live.crx for key Software\Google\Chrome\Extensions\apdfllckaahabafndbhieahigkjlhalf does not exist or is not readable.
5월 06, 2022 18:43:48.209 [10036:34852:0506/184348.209:ERROR:external_registry_loader_win.cc(158)] File C:\Users\POWERU~1\AppData\Local\Google\Drive\user_default\apdfllckaahabafndbhieahigkjlhalf_live.crx for key Software\Google\Chrome\Extensions\apdfllckaahabafndbhieahigkjlhalf does not exist or is not readable.
5월 06, 2022 18:44:02.281 [17068:37048:0506/184402.280:ERROR:external_registry_loader_win.cc(158)] File C:\Users\POWERU~1\AppData\Local\Google\Drive\user_default\apdfllckaahabafndbhieahigkjlhalf_live.crx for key Software\Google\Chrome\Extensions\apdfllckaahabafndbhieahigkjlhalf does not exist or is not readable.
5월 06, 2022 18:44:04.389 [17068:23464:0506/184404.389:ERROR:device_event_log_impl.cc(214)] [18:44:04.389] Bluetooth: bluetooth_adapter_winrt.cc:715 GetBluetoothAdapterStaticsActivationFactory failed: 클래스가 등록되지 않았습니다. (0x80040154)
5월 06, 2022 18:45:02.351 [17068:33564:0506/184502.351:ERROR:util.cc(126)] Can't create base directory: C:\Program Files\Google\GoogleUpdater

5월 07, 2022 22:05:13.939 NEW SESSION
5월 07, 2022 22:05:13.939 [37300:39432:0507/220513.937:ERROR:external_registry_loader_win.cc(158)] File C:\Users\POWERU~1\AppData\Local\Google\Drive\user_default\apdfllckaahabafndbhieahigkjlhalf_live.crx for key Software\Google\Chrome\Extensions\apdfllckaahabafndbhieahigkjlhalf does not exist or is not readable.
5월 07, 2022 22:05:16.76 [37300:26440:0507/220516.076:ERROR:device_event_log_impl.cc(214)] [22:05:16.076] Bluetooth: bluetooth_adapter_winrt.cc:715 GetBluetoothAdapterStaticsActivationFactory failed: 클래스가 등록되지 않았습니다. (0x80040154)
5월 07, 2022 22:06:14.15 [37300:19952:0507/220614.015:ERROR:util.cc(126)] Can't create base directory: C:\Program Files\Google\GoogleUpdater
5월 07, 2022 22:10:01.558 [35668:16388:0507/221001.557:ERROR:external_registry_loader_win.cc(158)] File C:\Users\POWERU~1\AppData\Local\Google\Drive\user_default\apdfllckaahabafndbhieahigkjlhalf_live.crx for key Software\Google\Chrome\Extensions\apdfllckaahabafndbhieahigkjlhalf does not exist or is not readable.
5월 07, 2022 22:10:03.682 [35668:13504:0507/221003.682:ERROR:device_event_log_impl.cc(214)] [22:10:03.683] Bluetooth: bluetooth_adapter_winrt.cc:715 GetBluetoothAdapterStaticsActivationFactory failed: 클래스가 등록되지 않았습니다. (0x80040154)
5월 07, 2022 22:10:08.681 [42764:41300:0507/221008.681:ERROR:external_registry_loader_win.cc(158)] File C:\Users\POWERU~1\AppData\Local\Google\Drive\user_default\apdfllckaahabafndbhieahigkjlhalf_live.crx for key Software\Google\Chrome\Extensions\apdfllckaahabafndbhieahigkjlhalf does not exist or is not readable.
5월 07, 2022 22:10:17.369 [8236:6828:0507/221017.369:ERROR:external_registry_loader_win.cc(158)] File C:\Users\POWERU~1\AppData\Local\Google\Drive\user_default\apdfllckaahabafndbhieahigkjlhalf_live.crx for key Software\Google\Chrome\Extensions\apdfllckaahabafndbhieahigkjlhalf does not exist or is not readable.
5월 07, 2022 22:10:26.882 [9492:39080:0507/221026.881:ERROR:external_registry_loader_win.cc(158)] File C:\Users\POWERU~1\AppData\Local\Google\Drive\user_default\apdfllckaahabafndbhieahigkjlhalf_live.crx for key Software\Google\Chrome\Extensions\apdfllckaahabafndbhieahigkjlhalf does not exist or is not readable.
5월 07, 2022 22:10:28.958 [9492:18808:0507/221028.958:ERROR:device_event_log_impl.cc(214)] [22:10:28.958] Bluetooth: bluetooth_adapter_winrt.cc:715 GetBluetoothAdapterStaticsActivationFactory failed: 클래스가 등록되지 않았습니다. (0x80040154)
5월 07, 2022 22:11:26.950 [9492:35936:0507/221126.950:ERROR:util.cc(126)] Can't create base directory: C:\Program Files\Google\GoogleUpdater
5월 07, 2022 22:29:08.113 [9492:18808:0507/222908.113:ERROR:interface_endpoint_client.cc(665)] Message 0 rejected by interface blink.mojom.WidgetHost
